= Logs of language model for Hungarian (hu) =

- Generated by BuildLangModel.py
- Started: 2015-12-12 18:01:21.560682
- Maximum depth: 2
- Max number of pages: 50

== Parsed pages ==

Kezdőlap (revision 12748721)
1722 (revision 16471860)
1780 (revision 16407861)
1800 (revision 15028835)
1831 (revision 16469576)
1848–49-es forradalom és szabadságharc (revision 16955214)
1875 (revision 16798555)
1895 (revision 16649417)
1900 (revision 16961019)
1905 (revision 16601113)
1915 (revision 16792868)
1940 (revision 16936087)
1950 (revision 16820817)
1970 (revision 16093156)
1985 (revision 16463340)
1995 (revision 16945805)
1998 (revision 16542908)
2003 (revision 16943939)
2015 (revision 16960983)
73. Golden Globe-gála (revision 16937296)
Akacuki (revision 16960353)
Akasztottak erdeje (regény) (revision 16918702)
Alan Hodgkinson (revision 16953214)
Alfred Bernhard Nobel (revision 16654409)
Alkotmány (revision 16784843)
André-Marie Ampère (revision 16865419)
Angela Merkel (revision 16960753)
Anne Baxter (revision 15572176)
Az irgalmasság rendkívüli szentéve (revision 16951018)
Az év embereinek listája (revision 16961722)
Bencések (revision 16853524)
Boeing 747–400 (revision 16947261)
Chantal Szent Johanna Franciska (revision 16371923)
December 12. (revision 15637986)
December 13. (revision 16546152)
Dinamó (revision 15949492)
Dionne Warwick (revision 16522754)
Elektrodinamika (revision 14888277)
Elektromosság (revision 16051899)
Enciklopédia (revision 16556513)
Eric Maskin (revision 16907781)
Európai migrációs válság (revision 16922218)
Eötvös Loránd (revision 16960057)
Eötvös Loránd Tudományegyetem (revision 16684410)
Fellner Jakab (revision 16960223)
Feltaláló (revision 13609621)
Ferenc pápa (revision 16928970)
Frank Sinatra (revision 16927399)
François Jean Dominique Arago (revision 16197941)
Gabriella (revision 16906500)

== End of Parsed pages ==

- Wikipedia parsing ended at: 2015-12-12 18:02:46.729734

55 characters appeared 375370 times.

First 32 characters:
[ 0] Char e: 9.710685457015744 %
[ 1] Char a: 8.803314063457389 %
[ 2] Char t: 7.322375256413672 %
[ 3] Char s: 6.666222660308496 %
[ 4] Char l: 5.73967019207715 %
[ 5] Char r: 5.4341050163838345 %
[ 6] Char n: 5.39920611663159 %
[ 7] Char i: 4.773689959240216 %
[ 8] Char o: 4.347976663025815 %
[ 9] Char k: 4.289634227562138 %
[10] Char z: 4.244611982843594 %
[11] Char á: 3.7855982097663636 %
[12] Char m: 3.21442843061