
= Logs of language model for Arabic (ar) =

- Generated by BuildLangModel.py
- Started: 2015-12-13 18:31:12.817808
- Maximum depth: 2
- Max number of pages: 50

== Parsed pages ==

الصفحة_الرئيسية (revision 17217037)
11 ديسمبر (revision 17699159)
12 ديسمبر (revision 17710194)
13 ديسمبر (revision 17722318)
1437 هـ (revision 17278274)
14 ديسمبر (revision 17432010)
15 ديسمبر (revision 17206233)
1645 (revision 17168144)
1954 (revision 17409780)
1955 (revision 16826533)
1972 (revision 17004868)
1988 (revision 17671285)
2003 (revision 17656994)
2011 (revision 17589601)
2015 (revision 17678287)
216 ق.م (revision 17586752)
25 يناير (revision 17325864)
2 ربيع الأول (revision 17722146)
6 (عدد) (revision 16972178)
آريز (revision 17466671)
آلهة اليونان (revision 17722617)
أثينا (revision 17642941)
أثينا (ميثولوجيا) (revision 17662932)
أزمة المهاجرين إلى أوروبا (revision 17718437)
أوروبا (revision 17713457)
إس سي إي سانتا مونيكا ستوديو (revision 17035439)
إسبارطة (revision 16733170)
إسماعيل الصفوي (revision 17194218)
إله الحرب (لعبة فيديو) (revision 17630201)
إمارة دبي (revision 17602037)
إيطاليا (revision 17586853)
اتفاق باريس (revision 17718086)
الأزمة الليبية (revision 17630232)
الإمارات العربية المتحدة (revision 17722077)
الإنتخابات البلدية السعودية 2015 (revision 17722004)
الاتحاد الأوروبي لكرة القدم (revision 17596822)
الاحتجاجات اللبنانية 2015 (revision 17315127)
الانتفاضة الفلسطينية (2015) (revision 17710414)
التمرد العراقي (revision 17708640)
الجمعية العامة للأمم المتحدة (revision 17304227)
الجمهورية الرومانية (revision 16472557)
الجيش اللبناني (revision 17516533)
الحرب الأهلية السورية (revision 17675300)
الحرب الأهلية اليمنية (2015) (revision 17686236)
الحرب في شمال غرب باكستان (revision 17490838)
الدولة الصفوية (revision 17031046)
الرياض (revision 17580586)
السعودية (revision 17711339)
السلطة الوطنية الفلسطينية (revision 17438123)
العراق (revision 17704602)
العلاقات الخارجية في تركيا (revision 17647409)

== End of Parsed pages ==

- Wikipedia parsing ended at: 2015-12-13 18:33:58.846891

95 characters appeared 727795 times.

First 64 characters:
[ 0] Char ا: 14.933875610577156 %
[ 1] Char ل: 11.460782225764122 %
[ 2] Char ي: 8.30302489025069 %
[ 3] Char م: 6.3702003998378665 %
[ 4] Char و: 5.952637762007158 %
[ 5] Char ر: 4.9419135883043985 %
[ 6] Char ن: 4.900967992360486 %
[ 7] Char ت: 4.229625100474721 %